- client_updated_time: 2013-11-26T02:37:08+0000
  comments_count: 0
  comments_enabled: False
  created_time: 2013-11-26T00:21:54+0000
  description: 
  from:
    id: 53beaaf056826882
    name: Xiangyu Bu
  id: file.53beaaf056826882.53BEAAF056826882!133
  is_embeddable: True
  link: https://onedrive.live.com/redir.aspx?cid=53beaaf056826882&page=view&resid=53BEAAF056826882!133&parid=53BEAAF056826882!106
  name: hello.s
  parent_id: folder.53beaaf056826882.53BEAAF056826882!106
  shared_with:
    access: Just me
  size: 548
  source: https://sgsamq.bay.livefilestore.com/y2m5bTL-FvFxJFLUa51JAUVN5jcLyyoSi5Xd2CiMmuQNEXg11YqfUDy3AXE5oW_i193_YxMPwTqoaZ3N0c4TQRria54MWnHEhjLsAy76VJKrJc/hello.s?psid=1
  type: file
  updated_time: 2013-11-26T02:37:08+0000
  upload_location: https://apis.live.net/v5.0/file.53beaaf056826882.53BEAAF056826882!133/content/
