- client_updated_time: 2013-11-25T03:57:21+0000
  comments_count: 0
  comments_enabled: False
  count: 1
  created_time: 2013-11-25T03:57:21+0000
  description: 
  from:
    id: 53beaaf056826882
    name: Xiangyu Bu
  id: folder.53beaaf056826882.53BEAAF056826882!117
  is_embeddable: True
  link: https://onedrive.live.com/redir.aspx?cid=53beaaf056826882&page=view&resid=53BEAAF056826882!117&parid=53BEAAF056826882!116
  name: seriously
  parent_id: folder.53beaaf056826882.53BEAAF056826882!116
  shared_with:
    access: Just me
  size: 41509
  type: folder
  updated_time: 2013-11-26T02:37:23+0000
  upload_location: https://apis.live.net/v5.0/folder.53beaaf056826882.53BEAAF056826882!117/files/
