- client_updated_time: 2013-11-25T03:56:41+0000
  comments_count: 0
  comments_enabled: False
  count: 0
  created_time: 2013-11-25T03:56:41+0000
  description: 
  from:
    id: 53beaaf056826882
    name: Xiangyu Bu
  id: folder.53beaaf056826882.53BEAAF056826882!115
  is_embeddable: True
  link: https://onedrive.live.com/redir.aspx?cid=53beaaf056826882&page=view&resid=53BEAAF056826882!115&parid=53BEAAF056826882!114
  name: empty
  parent_id: folder.53beaaf056826882.53BEAAF056826882!114
  shared_with:
    access: Just me
  size: 0
  type: folder
  updated_time: 2013-11-25T03:56:41+0000
  upload_location: https://apis.live.net/v5.0/folder.53beaaf056826882.53BEAAF056826882!115/files/
