- client_updated_time: 2013-11-26T02:37:25+0000
  comments_count: 0
  comments_enabled: False
  created_time: 2013-11-25T03:58:13+0000
  description: 
  from:
    id: 53beaaf056826882
    name: Xiangyu Bu
  id: file.53beaaf056826882.53BEAAF056826882!123
  is_embeddable: True
  link: https://onedrive.live.com/redir.aspx?cid=53beaaf056826882&page=view&resid=53BEAAF056826882!123&parid=53BEAAF056826882!122
  name: essay.docx
  parent_id: folder.53beaaf056826882.53BEAAF056826882!122
  shared_with:
    access: Just me
  size: 89554
  source: https://fbvfgq.bay.livefilestore.com/y2mJUwaSYLamnVYw7egi3tkIgQ4BcA_7W_vD1fhUbFd_55knQyqpKyKrby24dkNS4_SmQdBnv6UEVOtNeJJB1Hy4sBg1EaFT6b9fzPnB8rmTOI/essay.docx?psid=1
  type: file
  updated_time: 2013-11-26T02:37:25+0000
  upload_location: https://apis.live.net/v5.0/file.53beaaf056826882.53BEAAF056826882!123/content/
- client_updated_time: 2013-11-26T02:37:27+0000
  comments_count: 0
  comments_enabled: False
  created_time: 2013-11-25T03:58:17+0000
  description: 
  from:
    id: 53beaaf056826882
    name: Xiangyu Bu
  id: file.53beaaf056826882.53BEAAF056826882!124
  is_embeddable: True
  link: https://onedrive.live.com/redir.aspx?cid=53beaaf056826882&page=view&resid=53BEAAF056826882!124&parid=53BEAAF056826882!122
  name: essay.pdf
  parent_id: folder.53beaaf056826882.53BEAAF056826882!122
  shared_with:
    access: Just me
  size: 164200
  source: https://fbvfgq.by3301.livefilestore.com/y2mjqEdc2AW0odwoUW1B1789L_t3yNuyrC9dJ0C-R0hXaMco-N_xjgpbPQpcMFi0lYD-UJO905s3JhP2bontogeMny-3j09ISfdJgPsKkgW3NQ/essay.pdf?psid=1
  type: file
  updated_time: 2013-11-26T02:37:27+0000
  upload_location: https://apis.live.net/v5.0/file.53beaaf056826882.53BEAAF056826882!124/content/
