- client_updated_time: 2013-11-25T03:55:35+0000
  comments_count: 0
  comments_enabled: False
  count: 3
  created_time: 2013-11-25T03:55:35+0000
  description: 
  from:
    id: 53beaaf056826882
    name: Xiangyu Bu
  id: folder.53beaaf056826882.53BEAAF056826882!109
  is_embeddable: True
  link: https://onedrive.live.com/redir.aspx?cid=53beaaf056826882&page=view&resid=53BEAAF056826882!109&parid=53BEAAF056826882!103
  name: cs240
  parent_id: folder.53beaaf056826882
  shared_with:
    access: Just me
  size: 90676
  type: folder
  updated_time: 2013-11-26T02:37:06+0000
  upload_location: https://apis.live.net/v5.0/folder.53beaaf056826882.53BEAAF056826882!109/files/
- client_updated_time: 2013-11-25T03:54:34+0000
  comments_count: 0
  comments_enabled: False
  count: 1
  created_time: 2013-11-25T03:54:34+0000
  description: 
  from:
    id: 53beaaf056826882
    name: Xiangyu Bu
  id: folder.53beaaf056826882.53BEAAF056826882!106
  is_embeddable: True
  link: https://onedrive.live.com/redir.aspx?cid=53beaaf056826882&page=view&resid=53BEAAF056826882!106&parid=53BEAAF056826882!103
  name: Documents
  parent_id: folder.53beaaf056826882
  shared_with:
    access: Just me
  size: 548
  type: folder
  updated_time: 2013-11-26T02:37:08+0000
  upload_location: https://apis.live.net/v5.0/folder.53beaaf056826882.53BEAAF056826882!106/files/
- client_updated_time: 2013-11-25T03:56:22+0000
  comments_count: 0
  comments_enabled: False
  count: 1
  created_time: 2013-11-25T03:56:22+0000
  description: 
  from:
    id: 53beaaf056826882
    name: Xiangyu Bu
  id: folder.53beaaf056826882.53BEAAF056826882!114
  is_embeddable: True
  link: https://onedrive.live.com/redir.aspx?cid=53beaaf056826882&page=view&resid=53BEAAF056826882!114&parid=53BEAAF056826882!103
  name: empty
  parent_id: folder.53beaaf056826882
  shared_with:
    access: Just me
  size: 0
  type: folder
  updated_time: 2013-11-25T03:56:41+0000
  upload_location: https://apis.live.net/v5.0/folder.53beaaf056826882.53BEAAF056826882!114/files/
- client_updated_time: 2013-11-25T03:57:08+0000
  comments_count: 0
  comments_enabled: False
  count: 1
  created_time: 2013-11-25T03:57:08+0000
  description: 
  from:
    id: 53beaaf056826882
    name: Xiangyu Bu
  id: folder.53beaaf056826882.53BEAAF056826882!116
  is_embeddable: True
  link: https://onedrive.live.com/redir.aspx?cid=53beaaf056826882&page=view&resid=53BEAAF056826882!116&parid=53BEAAF056826882!103
  name: empty2
  parent_id: folder.53beaaf056826882
  shared_with:
    access: Just me
  size: 41509
  type: folder
  updated_time: 2013-11-26T02:37:23+0000
  upload_location: https://apis.live.net/v5.0/folder.53beaaf056826882.53BEAAF056826882!116/files/
- client_updated_time: 2013-11-25T03:58:02+0000
  comments_count: 0
  comments_enabled: False
  count: 2
  created_time: 2013-11-25T03:58:02+0000
  description: 
  from:
    id: 53beaaf056826882
    name: Xiangyu Bu
  id: folder.53beaaf056826882.53BEAAF056826882!122
  is_embeddable: True
  link: https://onedrive.live.com/redir.aspx?cid=53beaaf056826882&page=view&resid=53BEAAF056826882!122&parid=53BEAAF056826882!103
  name: engl106
  parent_id: folder.53beaaf056826882
  shared_with:
    access: Just me
  size: 253754
  type: folder
  updated_time: 2013-11-26T02:37:27+0000
  upload_location: https://apis.live.net/v5.0/folder.53beaaf056826882.53BEAAF056826882!122/files/
- client_updated_time: 2013-11-25T03:54:33+0000
  comments_count: 0
  comments_enabled: False
  count: 0
  created_time: 2013-11-25T03:54:33+0000
  description: 
  from:
    id: 53beaaf056826882
    name: Xiangyu Bu
  id: folder.53beaaf056826882.53BEAAF056826882!104
  is_embeddable: True
  link: https://onedrive.live.com/redir.aspx?cid=53beaaf056826882&page=view&resid=53BEAAF056826882!104&parid=53BEAAF056826882!103
  name: Pictures
  parent_id: folder.53beaaf056826882
  shared_with:
    access: Just me
  size: 0
  type: album
  updated_time: 2013-11-25T03:54:33+0000
  upload_location: https://apis.live.net/v5.0/folder.53beaaf056826882.53BEAAF056826882!104/files/
- client_updated_time: 2013-11-25T03:54:33+0000
  comments_count: 0
  comments_enabled: True
  count: 0
  created_time: 2013-11-25T03:54:33+0000
  description: 
  from:
    id: 53beaaf056826882
    name: Xiangyu Bu
  id: folder.53beaaf056826882.53BEAAF056826882!105
  is_embeddable: True
  link: https://onedrive.live.com/redir.aspx?cid=53beaaf056826882&page=view&resid=53BEAAF056826882!105&parid=53BEAAF056826882!103
  name: Public
  parent_id: folder.53beaaf056826882
  shared_with:
    access: Public
  size: 0
  type: folder
  updated_time: 2013-11-25T03:54:34+0000
  upload_location: https://apis.live.net/v5.0/folder.53beaaf056826882.53BEAAF056826882!105/files/
- album: None
  album_artist: None
  artist: None
  client_updated_time: 2013-11-26T02:37:31+0000
  comments_count: 0
  comments_enabled: False
  created_time: 2013-11-26T00:10:53+0000
  description: 
  duration: 3722
  from:
    id: 53beaaf056826882
    name: Xiangyu Bu
  genre: None
  id: file.53beaaf056826882.53BEAAF056826882!129
  is_embeddable: True
  link: https://onedrive.live.com/redir.aspx?cid=53beaaf056826882&page=view&resid=53BEAAF056826882!129&parid=53BEAAF056826882!103
  name: arribba.wav
  parent_id: folder.53beaaf056826882
  picture: None
  shared_with:
    access: Just me
  size: 41094
  source: https://sgtj0w.by3302.livefilestore.com/y2m0JFRuP6s2VlBi6OlNdndNYdY9Ht4B0kuK8lP0leIQyXNJu6yIrFwPdU2w4OCI3WZDgjgAIzNn7447Z-LkhdGPm8ds5DFUg37XSI1DDkMlNo/arribba.wav?psid=1
  title: None
  type: audio
  updated_time: 2013-11-26T02:37:31+0000
  upload_location: https://apis.live.net/v5.0/file.53beaaf056826882.53BEAAF056826882!129/content/
- client_updated_time: 2013-11-26T02:37:32+0000
  comments_count: 0
  comments_enabled: False
  created_time: 2013-11-26T00:10:39+0000
  description: 
  from:
    id: 53beaaf056826882
    name: Xiangyu Bu
  id: file.53beaaf056826882.53BEAAF056826882!126
  is_embeddable: True
  link: https://onedrive.live.com/redir.aspx?cid=53beaaf056826882&page=view&resid=53BEAAF056826882!126&parid=53BEAAF056826882!103
  name: backup.c
  parent_id: folder.53beaaf056826882
  shared_with:
    access: Just me
  size: 32
  source: https://sgtj0w.by3301.livefilestore.com/y2mKyZmQ5ub18quPYmwQPDxoqmJqvEEi_CJlUGs_bTlvo-uAzuybQB7avFIO1Z6QZe4XzPe8ddD1gRWX0mh5WA9ES2xUzhIAqLpuNjZWBc8fmA/backup.c?psid=1
  type: file
  updated_time: 2013-11-26T02:37:32+0000
  upload_location: https://apis.live.net/v5.0/file.53beaaf056826882.53BEAAF056826882!126/content/
- camera_make: None
  camera_model: None
  client_updated_time: 2013-11-26T02:37:33+0000
  comments_count: 0
  comments_enabled: False
  created_time: 2013-11-25T03:55:22+0000
  description: 
  exposure_denominator: 0
  exposure_numerator: 0
  focal_length: 0
  focal_ratio: 0
  from:
    id: 53beaaf056826882
    name: Xiangyu Bu
  height: 494
  id: file.53beaaf056826882.53BEAAF056826882!108
  images:
    - height: 494
      source: https://public.bn1301.livefilestore.com/y2m4y4JaifOp5SU1YTJITXJ5qtGTp12ppLAONlT-fEHTbFo1faBW1LtosRAXCazkF4_OxU6fbDQxKvmOQIGEW-39Q/boss.jpg?psid=1&ck=4&ex=720
      type: normal
      width: 494
    - height: 176
      source: https://public.bn1304.livefilestore.com/y2majZtNoUu749VS6U4Zo1wZMN9LS9fWtwMrNi2imiXoEKWozk4NE5cLHI8YcQfGPK-9iEyOkDK3UlkaN6zD7ZARw/boss.jpg?psid=1&ck=4&ex=720
      type: album
      width: 176
    - height: 96
      source: https://public.bn1301.livefilestore.com/y2mcWveU9lW4dcY2S3BsaZ3g-_0fT8EjGz99JLMHyXSCwqOP9THziwkrB7IwcvJtRdYgr7a7t7Chp5s9vY4s6eX0kGiO6bp-MGp6h089BaTH5E/boss.jpg?psid=1
      type: thumbnail
      width: 96
    - height: 494
      source: https://public.by3302.livefilestore.com/y2mFbr3DlQCuaO3bdbN2htUsQZ1CND-RaRzRQGovqLTPScHShmCkWbrn5AQ63nF8YPU1uCBjF3BCdSmDIZfV8bfQPOPPi5DzY7xWfQpVrr6fYM/boss.jpg?psid=1
      type: full
      width: 494
  is_embeddable: True
  link: https://onedrive.live.com/redir.aspx?cid=53beaaf056826882&page=view&resid=53BEAAF056826882!108&parid=53BEAAF056826882!103
  location: None
  name: boss.jpg
  parent_id: folder.53beaaf056826882
  picture: https://public.bn1301.livefilestore.com/y2mcWveU9lW4dcY2S3BsaZ3g-_0fT8EjGz99JLMHyXSCwqOP9THziwkrB7IwcvJtRdYgr7a7t7Chp5s9vY4s6eX0kGiO6bp-MGp6h089BaTH5E/boss.jpg?psid=1
  shared_with:
    access: Just me
  size: 55796
  source: https://public.by3302.livefilestore.com/y2mFbr3DlQCuaO3bdbN2htUsQZ1CND-RaRzRQGovqLTPScHShmCkWbrn5AQ63nF8YPU1uCBjF3BCdSmDIZfV8bfQPOPPi5DzY7xWfQpVrr6fYM/boss.jpg?psid=1
  tags_count: 0
  tags_enabled: True
  type: photo
  updated_time: 2013-11-26T02:37:33+0000
  upload_location: https://apis.live.net/v5.0/file.53beaaf056826882.53BEAAF056826882!108/content/
  when_taken: 2011-10-12T17:11:14+0000
  width: 494
- client_updated_time: 2013-11-26T02:37:34+0000
  comments_count: 0
  comments_enabled: False
  created_time: 2013-11-26T00:10:56+0000
  description: 
  from:
    id: 53beaaf056826882
    name: Xiangyu Bu
  id: file.53beaaf056826882.53BEAAF056826882!131
  is_embeddable: True
  link: https://onedrive.live.com/redir.aspx?cid=53beaaf056826882&page=view&resid=53BEAAF056826882!131&parid=53BEAAF056826882!103
  name: essay.docx
  parent_id: folder.53beaaf056826882
  shared_with:
    access: Just me
  size: 89554
  source: https://sgtj0w.by3302.livefilestore.com/y2mdK3HYo4PbDc5kRQiAZ64rdWBJyZT39thOu8iG4Im8B5ergCuRnV1lnyNr3ZA-tk1X7pWoiHohsTg9O-j9bkpzy1pNKE9O4rhQ-yLoRB7IOE/essay.docx?psid=1
  type: file
  updated_time: 2013-11-26T02:37:34+0000
  upload_location: https://apis.live.net/v5.0/file.53beaaf056826882.53BEAAF056826882!131/content/
- client_updated_time: 2013-11-26T02:37:36+0000
  comments_count: 0
  comments_enabled: False
  created_time: 2013-11-26T00:10:58+0000
  description: 
  from:
    id: 53beaaf056826882
    name: Xiangyu Bu
  id: file.53beaaf056826882.53BEAAF056826882!132
  is_embeddable: True
  link: https://onedrive.live.com/redir.aspx?cid=53beaaf056826882&page=view&resid=53BEAAF056826882!132&parid=53BEAAF056826882!103
  name: essay.pdf
  parent_id: folder.53beaaf056826882
  shared_with:
    access: Just me
  size: 164200
  source: https://sgtj0w.by3301.livefilestore.com/y2mEIeKAe4UVM6UuSQsyj3jk7Wn09d-A-ip9JbP9pHVT1T9h5ghQZ1UYHe4PhGO52UCNzj39KZCMa5WtAwBWjK2zHb4fbxCCbSzb5CIMtyt8Qk/essay.pdf?psid=1
  type: file
  updated_time: 2013-11-26T02:37:36+0000
  upload_location: https://apis.live.net/v5.0/file.53beaaf056826882.53BEAAF056826882!132/content/
- client_updated_time: 2013-11-26T02:37:37+0000
  comments_count: 0
  comments_enabled: False
  created_time: 2013-11-26T00:10:41+0000
  description: 
  from:
    id: 53beaaf056826882
    name: Xiangyu Bu
  id: file.53beaaf056826882.53BEAAF056826882!127
  is_embeddable: True
  link: https://onedrive.live.com/redir.aspx?cid=53beaaf056826882&page=view&resid=53BEAAF056826882!127&parid=53BEAAF056826882!103
  name: hello.exe
  parent_id: folder.53beaaf056826882
  shared_with:
    access: Just me
  size: 90096
  source: https://sgtj0w.bay.livefilestore.com/y2mKewLnyRvX1MlsqCIq0PK1F8yDUv23j98G2Bw8jrPZ8UxaQHs2e9wVcwjCAzQKdzwr_zbqs0QjeDtmd8GzhDor5TNessA0__fPMd7a8NHQp8/hello.exe?psid=1
  type: file
  updated_time: 2013-11-26T02:37:37+0000
  upload_location: https://apis.live.net/v5.0/file.53beaaf056826882.53BEAAF056826882!127/content/
- client_updated_time: 2013-11-26T02:37:38+0000
  comments_count: 0
  comments_enabled: False
  created_time: 2013-11-26T00:10:42+0000
  description: 
  from:
    id: 53beaaf056826882
    name: Xiangyu Bu
  id: file.53beaaf056826882.53BEAAF056826882!128
  is_embeddable: True
  link: https://onedrive.live.com/redir.aspx?cid=53beaaf056826882&page=view&resid=53BEAAF056826882!128&parid=53BEAAF056826882!103
  name: hello.s
  parent_id: folder.53beaaf056826882
  shared_with:
    access: Just me
  size: 548
  source: https://sgtj0w.by3302.livefilestore.com/y2mSzHpIK57vaNdggdOZdtKLnrETiWGQlTQET10ZDDHbxbVTPIrjajm5QsS7rlBH2KcE3Q2PFJYd4GedHqDUIAlmi5OmpuofWyKa1RJxAX2c1Q/hello.s?psid=1
  type: file
  updated_time: 2013-11-26T02:37:38+0000
  upload_location: https://apis.live.net/v5.0/file.53beaaf056826882.53BEAAF056826882!128/content/
- client_updated_time: 2013-11-26T02:37:39+0000
  comments_count: 0
  comments_enabled: False
  created_time: 2013-11-25T03:55:20+0000
  description: 
  from:
    id: 53beaaf056826882
    name: Xiangyu Bu
  id: file.53beaaf056826882.53BEAAF056826882!107
  is_embeddable: True
  link: https://onedrive.live.com/redir.aspx?cid=53beaaf056826882&page=view&resid=53BEAAF056826882!107&parid=53BEAAF056826882!103
  name: in-class journal.jnt
  parent_id: folder.53beaaf056826882
  shared_with:
    access: Just me
  size: 10072
  source: https://sgtj0w.by3302.livefilestore.com/y2mytwmWAQ4r1egx3bv8fhFrhmMKh9xyiKkQ-9-XV1Ujh5yJ1xM2el59VzaNWOG36J6h1F-XVlTAKYaQcdOMSlOlhiDWhsv2PX4tMyEDjlsVPw/in-class%20journal.jnt?psid=1
  type: file
  updated_time: 2013-11-26T02:37:39+0000
  upload_location: https://apis.live.net/v5.0/file.53beaaf056826882.53BEAAF056826882!107/content/
- client_updated_time: 2013-11-26T02:37:40+0000
  comments_count: 0
  comments_enabled: False
  created_time: 2013-11-26T00:10:54+0000
  description: 
  from:
    id: 53beaaf056826882
    name: Xiangyu Bu
  id: file.53beaaf056826882.53BEAAF056826882!130
  is_embeddable: True
  link: https://onedrive.live.com/redir.aspx?cid=53beaaf056826882&page=view&resid=53BEAAF056826882!130&parid=53BEAAF056826882!103
  name: LICENSE
  parent_id: folder.53beaaf056826882
  shared_with:
    access: Just me
  size: 415
  source: https://sgtj0w.bay.livefilestore.com/y2muYdFUzGGjML6-kxuQ740S8FW58Eadl0x1D8QSB2CtpQ4891xFP6T8oMLV7Aw4UKRK0d0K4SRu1WsKnuoH52JDpuQWCDbid8xLSHN8TPc1J8/LICENSE?psid=1
  type: file
  updated_time: 2013-11-26T02:37:40+0000
  upload_location: https://apis.live.net/v5.0/file.53beaaf056826882.53BEAAF056826882!130/content/
